2024-02-15 21:03:57.776 WARNING (SyncWorker_1) [homeassistant.loader] We found a custom integration browser_mod which has not been tested by Home Assistant. This component might cause stability problems, be sure to disable it if you experience issues with Home Assistant
2024-02-15 21:03:57.778 WARNING (SyncWorker_1) [homeassistant.loader] We found a custom integration hacs which has not been tested by Home Assistant. This component might cause stability problems, be sure to disable it if you experience issues with Home Assistant
2024-02-15 21:03:57.780 WARNING (SyncWorker_1) [homeassistant.loader] We found a custom integration fontawesome which has not been tested by Home Assistant. This component might cause stability problems, be sure to disable it if you experience issues with Home Assistant
2024-02-15 21:03:57.781 WARNING (SyncWorker_1) [homeassistant.loader] We found a custom integration anniversaries which has not been tested by Home Assistant. This component might cause stability problems, be sure to disable it if you experience issues with Home Assistant
2024-02-15 21:03:57.784 WARNING (SyncWorker_1) [homeassistant.loader] We found a custom integration favicon which has not been tested by Home Assistant. This component might cause stability problems, be sure to disable it if you experience issues with Home Assistant
2024-02-15 21:03:57.787 WARNING (SyncWorker_1) [homeassistant.loader] We found a custom integration tapo_control which has not been tested by Home Assistant. This component might cause stability problems, be sure to disable it if you experience issues with Home Assistant
2024-02-15 21:03:57.789 WARNING (SyncWorker_1) [homeassistant.loader] We found a custom integration qr_generator which has not been tested by Home Assistant. This component might cause stability problems, be sure to disable it if you experience issues with Home Assistant
2024-02-15 21:03:57.791 WARNING (SyncWorker_1) [homeassistant.loader] We found a custom integration npm_switches which has not been tested by Home Assistant. This component might cause stability problems, be sure to disable it if you experience issues with Home Assistant
2024-02-15 21:03:57.794 WARNING (SyncWorker_1) [homeassistant.loader] We found a custom integration ble_monitor which has not been tested by Home Assistant. This component might cause stability problems, be sure to disable it if you experience issues with Home Assistant
2024-02-15 21:03:57.796 WARNING (SyncWorker_1) [homeassistant.loader] We found a custom integration mass which has not been tested by Home Assistant. This component might cause stability problems, be sure to disable it if you experience issues with Home Assistant
2024-02-15 21:04:21.228 WARNING (MainThread) [homeassistant.setup] Setup of rest is taking over 10 seconds.
2024-02-15 21:04:23.538 ERROR (MainThread) [custom_components.hacs] HACS is disabled - invalid_token
2024-02-15 21:04:23.544 ERROR (MainThread) [custom_components.hacs] Bad credentials
Traceback (most recent call last):
  File "/config/custom_components/hacs/base.py", line 471, in async_can_update
    response = await self.async_github_api_method(self.githubapi.rate_limit)
               ^^^^^^^^^^^^^^^^^^^^^^^^^^^^^^^^^^^^^^^^^^^^^^^^^^^^^^^^^^^^^
  File "/config/custom_components/hacs/base.py", line 529, in async_github_api_method
    raise HacsException(_exception)
custom_components.hacs.exceptions.HacsException: Bad credentials
2024-02-15 21:04:25.069 WARNING (MainThread) [aioesphomeapi.reconnect_logic] Can't connect to ESPHome API for bedroom @ 10.20.10.28: Error connecting to [AddrInfo(family=<AddressFamily.AF_INET: 2>, type=<SocketKind.SOCK_STREAM: 1>, proto=6, sockaddr=IPv4Sockaddr(address='10.20.10.28', port=6053))]: [Errno 113] Connect call failed ('10.20.10.28', 6053) (SocketAPIError)
2024-02-15 21:05:33.570 WARNING (MainThread) [homeassistant.bootstrap] Waiting on integrations to complete setup: tapo_control
2024-02-15 21:05:35.541 WARNING (MainThread) [homeassistant.components.camera] SUPPORT_ON_OFF was used from tapo_control, this is a deprecated constant which will be removed in HA Core 2025.1. Use CameraEntityFeature.ON_OFF instead, please create a bug report at https://github.com/JurajNyiri/HomeAssistant-Tapo-Control/issues
2024-02-15 21:05:35.550 WARNING (MainThread) [homeassistant.components.camera] SUPPORT_STREAM was used from tapo_control, this is a deprecated constant which will be removed in HA Core 2025.1. Use CameraEntityFeature.STREAM instead, please create a bug report at https://github.com/JurajNyiri/HomeAssistant-Tapo-Control/issues
2024-02-15 21:05:35.558 WARNING (MainThread) [homeassistant.components.camera] SUPPORT_ON_OFF was used from tapo_control, this is a deprecated constant which will be removed in HA Core 2025.1. Use CameraEntityFeature.ON_OFF instead, please create a bug report at https://github.com/JurajNyiri/HomeAssistant-Tapo-Control/issues
2024-02-15 21:05:35.565 WARNING (MainThread) [homeassistant.components.camera] SUPPORT_STREAM was used from tapo_control, this is a deprecated constant which will be removed in HA Core 2025.1. Use CameraEntityFeature.STREAM instead, please create a bug report at https://github.com/JurajNyiri/HomeAssistant-Tapo-Control/issues
2024-02-15 21:05:35.653 WARNING (MainThread) [homeassistant.components.siren] SUPPORT_TONES was used from tapo_control, this is a deprecated constant which will be removed in HA Core 2025.1. Use SirenEntityFeature.TONES instead, please create a bug report at https://github.com/JurajNyiri/HomeAssistant-Tapo-Control/issues
2024-02-15 21:05:35.662 WARNING (MainThread) [homeassistant.components.siren] SUPPORT_TURN_OFF was used from tapo_control, this is a deprecated constant which will be removed in HA Core 2025.1. Use SirenEntityFeature.TURN_OFF instead, please create a bug report at https://github.com/JurajNyiri/HomeAssistant-Tapo-Control/issues
2024-02-15 21:05:35.672 WARNING (MainThread) [homeassistant.components.siren] SUPPORT_TURN_ON was used from tapo_control, this is a deprecated constant which will be removed in HA Core 2025.1. Use SirenEntityFeature.TURN_ON instead, please create a bug report at https://github.com/JurajNyiri/HomeAssistant-Tapo-Control/issues
2024-02-15 21:05:35.681 WARNING (MainThread) [homeassistant.components.siren] SUPPORT_DURATION was used from tapo_control, this is a deprecated constant which will be removed in HA Core 2025.1. Use SirenEntityFeature.DURATION instead, please create a bug report at https://github.com/JurajNyiri/HomeAssistant-Tapo-Control/issues
2024-02-15 21:05:35.689 WARNING (MainThread) [homeassistant.components.siren] SUPPORT_TONES was used from tapo_control, this is a deprecated constant which will be removed in HA Core 2025.1. Use SirenEntityFeature.TONES instead, please create a bug report at https://github.com/JurajNyiri/HomeAssistant-Tapo-Control/issues
2024-02-15 21:05:35.697 WARNING (MainThread) [homeassistant.components.siren] SUPPORT_TURN_OFF was used from tapo_control, this is a deprecated constant which will be removed in HA Core 2025.1. Use SirenEntityFeature.TURN_OFF instead, please create a bug report at https://github.com/JurajNyiri/HomeAssistant-Tapo-Control/issues
2024-02-15 21:05:35.705 WARNING (MainThread) [homeassistant.components.siren] SUPPORT_TURN_ON was used from tapo_control, this is a deprecated constant which will be removed in HA Core 2025.1. Use SirenEntityFeature.TURN_ON instead, please create a bug report at https://github.com/JurajNyiri/HomeAssistant-Tapo-Control/issues
2024-02-15 21:05:35.713 WARNING (MainThread) [homeassistant.components.siren] SUPPORT_DURATION was used from tapo_control, this is a deprecated constant which will be removed in HA Core 2025.1. Use SirenEntityFeature.DURATION instead, please create a bug report at https://github.com/JurajNyiri/HomeAssistant-Tapo-Control/issues
2024-02-15 21:05:35.762 WARNING (MainThread) [homeassistant.helpers.entity] Entity camera.jnp_cam_hd_stream (<class 'custom_components.tapo_control.camera.TapoCamEntity'>) is using deprecated supported features values which will be removed in HA Core 2025.1. Instead it should use <CameraEntityFeature.ON_OFF|STREAM: 3>, please create a bug report at https://github.com/JurajNyiri/HomeAssistant-Tapo-Control/issues and reference https://developers.home-assistant.io/blog/2023/12/28/support-feature-magic-numbers-deprecation
2024-02-15 21:05:35.765 WARNING (MainThread) [homeassistant.helpers.entity] Entity camera.jnp_cam_sd_stream (<class 'custom_components.tapo_control.camera.TapoCamEntity'>) is using deprecated supported features values which will be removed in HA Core 2025.1. Instead it should use <CameraEntityFeature.ON_OFF|STREAM: 3>, please create a bug report at https://github.com/JurajNyiri/HomeAssistant-Tapo-Control/issues and reference https://developers.home-assistant.io/blog/2023/12/28/support-feature-magic-numbers-deprecation
2024-02-15 21:05:35.837 WARNING (MainThread) [homeassistant.helpers.entity] Entity None (<class 'custom_components.tapo_control.siren.TapoSiren'>) is using deprecated supported features values which will be removed in HA Core 2025.1. Instead it should use <SirenEntityFeature.TURN_ON|TURN_OFF|DURATION: 19>, please create a bug report at https://github.com/JurajNyiri/HomeAssistant-Tapo-Control/issues and reference https://developers.home-assistant.io/blog/2023/12/28/support-feature-magic-numbers-deprecation
2024-02-15 21:05:38.870 WARNING (MainThread) [homeassistant.data_entry_flow] custom_components.hacs.config_flow::HacsFlowHandler calls async_show_progress without passing a progress task, this is not valid and will break in Home Assistant Core 2024.8. Please report it to the custom integration author
2024-02-15 21:06:04.384 ERROR (MainThread) [homeassistant.config_entries] Error setting up entry  for sensor
Traceback (most recent call last):
  File "/usr/src/homeassistant/homeassistant/config_entries.py", line 444, in async_setup
    result = await component.async_setup_entry(hass, self)
             ^^^^^^^^^^^^^^^^^^^^^^^^^^^^^^^^^^^^^^^^^^^^^
  File "/usr/src/homeassistant/homeassistant/components/sensor/__init__.py", line 141, in async_setup_entry
    return await component.async_setup_entry(entry)
           ^^^^^^^^^^^^^^^^^^^^^^^^^^^^^^^^^^^^^^^^
  File "/usr/src/homeassistant/homeassistant/helpers/entity_component.py", line 183, in async_setup_entry
    raise ValueError("Config entry has already been setup!")
ValueError: Config entry has already been setup!
2024-02-15 21:10:10.260 WARNING (MainThread) [homeassistant.bootstrap] Setup timed out for stage 2 - moving forward
2024-02-15 21:10:10.601 WARNING (MainThread) [homeassistant.components.homekit.accessories] sensor.puja_light_sensor: Battery sensor state missing: sensor.puja_car_fuel
2024-02-15 21:10:18.877 ERROR (MainThread) [custom_components.hacs] <Integration thomasloven/hass-browser_mod> HttpStatusCode.UNAUTHORIZED
2024-02-15 21:10:18.883 ERROR (MainThread) [custom_components.hacs] <Integration pinkywafer/Anniversaries> HttpStatusCode.UNAUTHORIZED
2024-02-15 21:10:18.886 ERROR (MainThread) [custom_components.hacs] <Integration custom-components/ble_monitor> HttpStatusCode.UNAUTHORIZED
2024-02-15 21:10:18.893 ERROR (MainThread) [custom_components.hacs] <Integration hacs/integration> HttpStatusCode.UNAUTHORIZED
2024-02-15 21:10:19.399 ERROR (MainThread) [custom_components.hacs] <Integration thomasloven/hass-favicon> HttpStatusCode.UNAUTHORIZED
2024-02-15 21:10:19.508 ERROR (MainThread) [custom_components.hacs] HACS is disabled - invalid_token
2024-02-15 21:10:19.581 ERROR (MainThread) [custom_components.hacs] <Plugin nervetattoo/banner-card> HttpStatusCode.UNAUTHORIZED
2024-02-15 21:10:19.592 ERROR (MainThread) [custom_components.hacs] <Plugin wassy92x/lovelace-digital-clock> HttpStatusCode.UNAUTHORIZED
2024-02-15 21:10:19.629 ERROR (MainThread) [custom_components.hacs] <Integration DeerMaximum/QR-Code-Generator> HttpStatusCode.UNAUTHORIZED
2024-02-15 21:10:19.635 ERROR (MainThread) [custom_components.hacs] <Plugin kalkih/mini-media-player> HttpStatusCode.UNAUTHORIZED
2024-02-15 21:10:19.656 ERROR (MainThread) [custom_components.hacs] <Integration InTheDaylight14/nginx-proxy-manager-switches> HttpStatusCode.UNAUTHORIZED
2024-02-15 21:10:20.167 ERROR (MainThread) [custom_components.hacs] <Integration JurajNyiri/HomeAssistant-Tapo-Control> HttpStatusCode.UNAUTHORIZED
2024-02-15 21:10:20.196 ERROR (MainThread) [custom_components.hacs] <Plugin kalkih/mini-graph-card> HttpStatusCode.UNAUTHORIZED
2024-02-15 21:10:20.223 ERROR (MainThread) [custom_components.hacs] <Integration music-assistant/hass-music-assistant> HttpStatusCode.UNAUTHORIZED
2024-02-15 21:10:20.259 ERROR (MainThread) [custom_components.hacs] <Integration thomasloven/hass-fontawesome> HttpStatusCode.UNAUTHORIZED
2024-02-15 21:10:20.561 ERROR (MainThread) [custom_components.hacs] <Plugin custom-cards/button-card> HttpStatusCode.UNAUTHORIZED
2024-02-15 21:10:20.813 ERROR (MainThread) [custom_components.hacs] <Theme piitaya/lovelace-mushroom-themes> HttpStatusCode.UNAUTHORIZED
2024-02-15 21:10:20.820 ERROR (MainThread) [custom_components.hacs] <Plugin piitaya/lovelace-mushroom> HttpStatusCode.UNAUTHORIZED
2024-02-15 21:10:20.901 ERROR (MainThread) [custom_components.hacs] <Plugin nervetattoo/banner-card> HttpStatusCode.UNAUTHORIZED
2024-02-15 21:10:20.950 ERROR (MainThread) [custom_components.hacs] <Plugin wassy92x/lovelace-digital-clock> HttpStatusCode.UNAUTHORIZED
2024-02-15 21:10:21.367 ERROR (MainThread) [custom_components.hacs] <Plugin kalkih/mini-graph-card> HttpStatusCode.UNAUTHORIZED
2024-02-15 21:10:21.438 ERROR (MainThread) [custom_components.hacs] <QueueManager> No manifest.json file found 'custom_components/None/manifest.json'
2024-02-15 21:10:21.445 ERROR (MainThread) [custom_components.hacs] <QueueManager> No manifest.json file found 'custom_components/None/manifest.json'
2024-02-15 21:10:21.445 ERROR (MainThread) [custom_components.hacs] <QueueManager> No manifest.json file found 'custom_components/None/manifest.json'
2024-02-15 21:10:21.445 ERROR (MainThread) [custom_components.hacs] <QueueManager> No manifest.json file found 'custom_components/None/manifest.json'
2024-02-15 21:10:21.446 ERROR (MainThread) [custom_components.hacs] <QueueManager> No manifest.json file found 'custom_components/None/manifest.json'
2024-02-15 21:10:21.446 ERROR (MainThread) [custom_components.hacs] <QueueManager> No manifest.json file found 'custom_components/None/manifest.json'
2024-02-15 21:10:21.446 ERROR (MainThread) [custom_components.hacs] <QueueManager> No manifest.json file found 'custom_components/None/manifest.json'
2024-02-15 21:10:21.446 ERROR (MainThread) [custom_components.hacs] <QueueManager> No manifest.json file found 'custom_components/None/manifest.json'
2024-02-15 21:10:21.446 ERROR (MainThread) [custom_components.hacs] <QueueManager> No manifest.json file found 'custom_components/None/manifest.json'
2024-02-15 21:10:21.446 ERROR (MainThread) [custom_components.hacs] <QueueManager> No manifest.json file found 'custom_components/None/manifest.json'
2024-02-15 21:10:21.473 ERROR (MainThread) [custom_components.hacs] <Integration pinkywafer/Anniversaries> HttpStatusCode.UNAUTHORIZED
2024-02-15 21:10:21.479 ERROR (MainThread) [custom_components.hacs] <Theme piitaya/lovelace-mushroom-themes> HttpStatusCode.UNAUTHORIZED
2024-02-15 21:10:21.528 ERROR (MainThread) [custom_components.hacs] <Integration custom-components/ble_monitor> HttpStatusCode.UNAUTHORIZED
2024-02-15 21:10:21.736 ERROR (MainThread) [custom_components.hacs] <Plugin kalkih/mini-media-player> HttpStatusCode.UNAUTHORIZED
2024-02-15 21:10:21.865 ERROR (MainThread) [custom_components.hacs] <Integration hacs/integration> HttpStatusCode.UNAUTHORIZED
2024-02-15 21:10:22.253 ERROR (MainThread) [custom_components.hacs] <Integration thomasloven/hass-browser_mod> HttpStatusCode.UNAUTHORIZED
2024-02-15 21:10:22.275 ERROR (MainThread) [custom_components.hacs] <Integration thomasloven/hass-favicon> HttpStatusCode.UNAUTHORIZED
2024-02-15 21:10:22.683 ERROR (MainThread) [custom_components.hacs] <Plugin custom-cards/button-card> HttpStatusCode.UNAUTHORIZED
2024-02-15 21:10:23.032 ERROR (MainThread) [custom_components.hacs] <Plugin piitaya/lovelace-mushroom> HttpStatusCode.UNAUTHORIZED
2024-02-15 21:10:23.071 ERROR (MainThread) [custom_components.hacs] <Integration DeerMaximum/QR-Code-Generator> HttpStatusCode.UNAUTHORIZED
2024-02-15 21:10:23.168 ERROR (MainThread) [custom_components.hacs] <Integration InTheDaylight14/nginx-proxy-manager-switches> HttpStatusCode.UNAUTHORIZED
2024-02-15 21:10:23.214 ERROR (MainThread) [custom_components.hacs] <Integration JurajNyiri/HomeAssistant-Tapo-Control> HttpStatusCode.UNAUTHORIZED
2024-02-15 21:10:23.505 ERROR (MainThread) [custom_components.hacs] <Integration music-assistant/hass-music-assistant> HttpStatusCode.UNAUTHORIZED
2024-02-15 21:10:23.871 ERROR (MainThread) [custom_components.hacs] <Integration thomasloven/hass-fontawesome> HttpStatusCode.UNAUTHORIZED
2024-02-15 21:10:24.357 ERROR (MainThread) [custom_components.hacs] <QueueManager> No manifest.json file found 'custom_components/None/manifest.json'
2024-02-15 21:10:24.357 ERROR (MainThread) [custom_components.hacs] <QueueManager> No manifest.json file found 'custom_components/None/manifest.json'
2024-02-15 21:10:24.357 ERROR (MainThread) [custom_components.hacs] <QueueManager> No manifest.json file found 'custom_components/None/manifest.json'
2024-02-15 21:10:24.357 ERROR (MainThread) [custom_components.hacs] <QueueManager> No manifest.json file found 'custom_components/None/manifest.json'
2024-02-15 21:10:24.358 ERROR (MainThread) [custom_components.hacs] <QueueManager> No manifest.json file found 'custom_components/None/manifest.json'
2024-02-15 21:10:24.358 ERROR (MainThread) [custom_components.hacs] <QueueManager> No manifest.json file found 'custom_components/None/manifest.json'
2024-02-15 21:10:24.358 ERROR (MainThread) [custom_components.hacs] <QueueManager> No manifest.json file found 'custom_components/None/manifest.json'
2024-02-15 21:10:24.358 ERROR (MainThread) [custom_components.hacs] <QueueManager> No manifest.json file found 'custom_components/None/manifest.json'
2024-02-15 21:10:24.358 ERROR (MainThread) [custom_components.hacs] <QueueManager> No manifest.json file found 'custom_components/None/manifest.json'
2024-02-15 21:10:24.358 ERROR (MainThread) [custom_components.hacs] <QueueManager> No manifest.json file found 'custom_components/None/manifest.json'
2024-02-15 21:15:00.926 ERROR (MainThread) [custom_components.hacs] <Integration DeerMaximum/QR-Code-Generator> HttpStatusCode.UNAUTHORIZED
2024-02-15 21:15:01.404 ERROR (MainThread) [custom_components.hacs] <Integration DeerMaximum/QR-Code-Generator> No manifest.json file found 'custom_components/None/manifest.json'
2024-02-15 21:15:03.138 ERROR (MainThread) [custom_components.hacs] <Integration DeerMaximum/QR-Code-Generator> HttpStatusCode.UNAUTHORIZED
2024-02-15 21:15:03.140 ERROR (MainThread) [homeassistant.components.websocket_api.http.connection] [547406745664] Error handling message: Unknown error (unknown_error) अजय सिंह from 10.20.10.31 (Mozilla/5.0 (Windows NT 10.0; Win64; x64) AppleWebKit/537.36 (KHTML, like Gecko) Chrome/121.0.0.0 Safari/537.36)
Traceback (most recent call last):
  File "/usr/src/homeassistant/homeassistant/components/websocket_api/decorators.py", line 26, in _handle_async_response
    await func(hass, connection, msg)
  File "/config/custom_components/hacs/websocket/repository.py", line 234, in hacs_repository_download
    await repository.async_install()
  File "/config/custom_components/hacs/repositories/base.py", line 893, in async_install
    await self.async_install_repository(version=version)
  File "/config/custom_components/hacs/repositories/base.py", line 927, in async_install_repository
    await self.update_repository(force=version is None)
  File "/config/custom_components/hacs/utils/decorator.py", line 28, in wrapper
    result = await function(*args, **kwargs)
             ^^^^^^^^^^^^^^^^^^^^^^^^^^^^^^^
  File "/config/custom_components/hacs/repositories/integration.py", line 126, in update_repository
    if manifest := await self.async_get_integration_manifest():
                   ^^^^^^^^^^^^^^^^^^^^^^^^^^^^^^^^^^^^^^^^^^^
  File "/config/custom_components/hacs/repositories/integration.py", line 173, in async_get_integration_manifest
    raise HacsException(f"No {RepositoryFile.MAINIFEST_JSON} file found '{manifest_path}'")
custom_components.hacs.exceptions.HacsException: No manifest.json file found 'custom_components/None/manifest.json'
2024-02-15 21:16:53.429 WARNING (MainThread) [homeassistant.data_entry_flow] custom_components.hacs.config_flow::HacsFlowHandler calls async_show_progress without passing a progress task, this is not valid and will break in Home Assistant Core 2024.8. Please report it to the custom integration author
2024-02-15 21:17:13.628 ERROR (MainThread) [homeassistant.config_entries] Error setting up entry  for sensor
Traceback (most recent call last):
  File "/usr/src/homeassistant/homeassistant/config_entries.py", line 444, in async_setup
    result = await component.async_setup_entry(hass, self)
             ^^^^^^^^^^^^^^^^^^^^^^^^^^^^^^^^^^^^^^^^^^^^^
  File "/usr/src/homeassistant/homeassistant/components/sensor/__init__.py", line 141, in async_setup_entry
    return await component.async_setup_entry(entry)
           ^^^^^^^^^^^^^^^^^^^^^^^^^^^^^^^^^^^^^^^^
  File "/usr/src/homeassistant/homeassistant/helpers/entity_component.py", line 183, in async_setup_entry
    raise ValueError("Config entry has already been setup!")
ValueError: Config entry has already been setup!
2024-02-15 21:17:16.307 ERROR (MainThread) [custom_components.hacs] <Integration hacs/integration> HttpStatusCode.UNAUTHORIZED
2024-02-15 21:17:16.312 ERROR (MainThread) [custom_components.hacs] <Integration pinkywafer/Anniversaries> HttpStatusCode.UNAUTHORIZED
2024-02-15 21:17:16.317 ERROR (MainThread) [custom_components.hacs] <Integration custom-components/ble_monitor> HttpStatusCode.UNAUTHORIZED
2024-02-15 21:17:16.695 ERROR (MainThread) [custom_components.hacs] <Integration thomasloven/hass-browser_mod> HttpStatusCode.UNAUTHORIZED
2024-02-15 21:17:16.708 ERROR (MainThread) [custom_components.hacs] <Integration thomasloven/hass-favicon> HttpStatusCode.UNAUTHORIZED
2024-02-15 21:17:16.730 ERROR (MainThread) [custom_components.hacs] <Integration InTheDaylight14/nginx-proxy-manager-switches> HttpStatusCode.UNAUTHORIZED
2024-02-15 21:17:16.740 ERROR (MainThread) [custom_components.hacs] <Plugin kalkih/mini-media-player> HttpStatusCode.UNAUTHORIZED
2024-02-15 21:17:16.743 ERROR (MainThread) [custom_components.hacs] <Integration DeerMaximum/QR-Code-Generator> HttpStatusCode.UNAUTHORIZED
2024-02-15 21:17:16.748 ERROR (MainThread) [custom_components.hacs] <Plugin nervetattoo/banner-card> HttpStatusCode.UNAUTHORIZED
2024-02-15 21:17:16.760 ERROR (MainThread) [custom_components.hacs] <Plugin wassy92x/lovelace-digital-clock> HttpStatusCode.UNAUTHORIZED
2024-02-15 21:17:16.766 ERROR (MainThread) [custom_components.hacs] HACS is disabled - invalid_token
2024-02-15 21:17:17.279 ERROR (MainThread) [custom_components.hacs] <Plugin kalkih/mini-graph-card> HttpStatusCode.UNAUTHORIZED
2024-02-15 21:17:17.283 ERROR (MainThread) [custom_components.hacs] <Integration thomasloven/hass-fontawesome> HttpStatusCode.UNAUTHORIZED
2024-02-15 21:17:17.286 ERROR (MainThread) [custom_components.hacs] <Integration JurajNyiri/HomeAssistant-Tapo-Control> HttpStatusCode.UNAUTHORIZED
2024-02-15 21:17:17.636 ERROR (MainThread) [custom_components.hacs] <Plugin custom-cards/button-card> HttpStatusCode.UNAUTHORIZED
2024-02-15 21:17:17.645 ERROR (MainThread) [custom_components.hacs] <Integration music-assistant/hass-music-assistant> HttpStatusCode.UNAUTHORIZED
2024-02-15 21:17:17.690 ERROR (MainThread) [custom_components.hacs] <Plugin piitaya/lovelace-mushroom> HttpStatusCode.UNAUTHORIZED
2024-02-15 21:17:17.698 ERROR (MainThread) [custom_components.hacs] <Theme piitaya/lovelace-mushroom-themes> HttpStatusCode.UNAUTHORIZED
2024-02-15 21:17:18.181 ERROR (MainThread) [custom_components.hacs] <QueueManager> No manifest.json file found 'custom_components/None/manifest.json'
2024-02-15 21:17:18.182 ERROR (MainThread) [custom_components.hacs] <QueueManager> No manifest.json file found 'custom_components/None/manifest.json'
2024-02-15 21:17:18.182 ERROR (MainThread) [custom_components.hacs] <QueueManager> No manifest.json file found 'custom_components/None/manifest.json'
2024-02-15 21:17:18.182 ERROR (MainThread) [custom_components.hacs] <QueueManager> No manifest.json file found 'custom_components/None/manifest.json'
2024-02-15 21:17:18.182 ERROR (MainThread) [custom_components.hacs] <QueueManager> No manifest.json file found 'custom_components/None/manifest.json'
2024-02-15 21:17:18.182 ERROR (MainThread) [custom_components.hacs] <QueueManager> No manifest.json file found 'custom_components/None/manifest.json'
2024-02-15 21:17:18.182 ERROR (MainThread) [custom_components.hacs] <QueueManager> No manifest.json file found 'custom_components/None/manifest.json'
2024-02-15 21:17:18.183 ERROR (MainThread) [custom_components.hacs] <QueueManager> No manifest.json file found 'custom_components/None/manifest.json'
2024-02-15 21:17:18.183 ERROR (MainThread) [custom_components.hacs] <QueueManager> No manifest.json file found 'custom_components/None/manifest.json'
2024-02-15 21:17:18.183 ERROR (MainThread) [custom_components.hacs] <QueueManager> No manifest.json file found 'custom_components/None/manifest.json'
2024-02-15 21:17:40.514 WARNING (MainThread) [homeassistant.data_entry_flow] custom_components.hacs.config_flow::HacsFlowHandler calls async_show_progress without passing a progress task, this is not valid and will break in Home Assistant Core 2024.8. Please report it to the custom integration author
2024-02-15 21:17:59.897 ERROR (MainThread) [homeassistant.config_entries] Error setting up entry  for sensor
Traceback (most recent call last):
  File "/usr/src/homeassistant/homeassistant/config_entries.py", line 444, in async_setup
    result = await component.async_setup_entry(hass, self)
             ^^^^^^^^^^^^^^^^^^^^^^^^^^^^^^^^^^^^^^^^^^^^^
  File "/usr/src/homeassistant/homeassistant/components/sensor/__init__.py", line 141, in async_setup_entry
    return await component.async_setup_entry(entry)
           ^^^^^^^^^^^^^^^^^^^^^^^^^^^^^^^^^^^^^^^^
  File "/usr/src/homeassistant/homeassistant/helpers/entity_component.py", line 183, in async_setup_entry
    raise ValueError("Config entry has already been setup!")
ValueError: Config entry has already been setup!
2024-02-15 21:18:03.065 ERROR (MainThread) [custom_components.hacs] <Integration pinkywafer/Anniversaries> HttpStatusCode.UNAUTHORIZED
2024-02-15 21:18:03.073 ERROR (MainThread) [custom_components.hacs] <Integration thomasloven/hass-browser_mod> HttpStatusCode.UNAUTHORIZED
2024-02-15 21:18:03.080 ERROR (MainThread) [custom_components.hacs] <Integration hacs/integration> HttpStatusCode.UNAUTHORIZED
2024-02-15 21:18:03.083 ERROR (MainThread) [custom_components.hacs] <Integration custom-components/ble_monitor> HttpStatusCode.UNAUTHORIZED
2024-02-15 21:18:03.521 ERROR (MainThread) [custom_components.hacs] HACS is disabled - invalid_token
2024-02-15 21:18:03.668 ERROR (MainThread) [custom_components.hacs] <Integration thomasloven/hass-favicon> HttpStatusCode.UNAUTHORIZED
2024-02-15 21:18:03.693 ERROR (MainThread) [custom_components.hacs] <Integration InTheDaylight14/nginx-proxy-manager-switches> HttpStatusCode.UNAUTHORIZED
2024-02-15 21:18:03.698 ERROR (MainThread) [custom_components.hacs] <Integration DeerMaximum/QR-Code-Generator> HttpStatusCode.UNAUTHORIZED
2024-02-15 21:18:03.703 ERROR (MainThread) [custom_components.hacs] <Plugin kalkih/mini-media-player> HttpStatusCode.UNAUTHORIZED
2024-02-15 21:18:03.716 ERROR (MainThread) [custom_components.hacs] <Plugin wassy92x/lovelace-digital-clock> HttpStatusCode.UNAUTHORIZED
2024-02-15 21:18:03.720 ERROR (MainThread) [custom_components.hacs] <Plugin nervetattoo/banner-card> HttpStatusCode.UNAUTHORIZED
2024-02-15 21:18:03.983 ERROR (MainThread) [custom_components.hacs] <Integration JurajNyiri/HomeAssistant-Tapo-Control> HttpStatusCode.UNAUTHORIZED
2024-02-15 21:18:03.998 ERROR (MainThread) [custom_components.hacs] <Integration thomasloven/hass-fontawesome> HttpStatusCode.UNAUTHORIZED
2024-02-15 21:18:04.009 ERROR (MainThread) [custom_components.hacs] <Plugin kalkih/mini-graph-card> HttpStatusCode.UNAUTHORIZED
2024-02-15 21:18:04.054 ERROR (MainThread) [custom_components.hacs] <Integration music-assistant/hass-music-assistant> HttpStatusCode.UNAUTHORIZED
2024-02-15 21:18:04.663 ERROR (MainThread) [custom_components.hacs] <Plugin kalkih/mini-media-player> HttpStatusCode.UNAUTHORIZED
2024-02-15 21:18:04.669 ERROR (MainThread) [custom_components.hacs] <Plugin nervetattoo/banner-card> HttpStatusCode.UNAUTHORIZED
2024-02-15 21:18:04.719 ERROR (MainThread) [custom_components.hacs] <Plugin wassy92x/lovelace-digital-clock> HttpStatusCode.UNAUTHORIZED
2024-02-15 21:18:04.907 ERROR (MainThread) [custom_components.hacs] <Plugin kalkih/mini-graph-card> HttpStatusCode.UNAUTHORIZED
2024-02-15 21:18:04.922 ERROR (MainThread) [custom_components.hacs] <Theme piitaya/lovelace-mushroom-themes> HttpStatusCode.UNAUTHORIZED
2024-02-15 21:18:04.947 ERROR (MainThread) [custom_components.hacs] <Integration pinkywafer/Anniversaries> HttpStatusCode.UNAUTHORIZED
2024-02-15 21:18:05.178 ERROR (MainThread) [custom_components.hacs] <Plugin custom-cards/button-card> HttpStatusCode.UNAUTHORIZED
2024-02-15 21:18:05.182 ERROR (MainThread) [custom_components.hacs] <Plugin piitaya/lovelace-mushroom> HttpStatusCode.UNAUTHORIZED
2024-02-15 21:18:05.194 ERROR (MainThread) [custom_components.hacs] <Theme piitaya/lovelace-mushroom-themes> HttpStatusCode.UNAUTHORIZED
2024-02-15 21:18:05.490 ERROR (MainThread) [custom_components.hacs] <Integration custom-components/ble_monitor> HttpStatusCode.UNAUTHORIZED
2024-02-15 21:18:05.607 ERROR (MainThread) [custom_components.hacs] <Integration hacs/integration> HttpStatusCode.UNAUTHORIZED
2024-02-15 21:18:05.674 ERROR (MainThread) [custom_components.hacs] <Integration thomasloven/hass-browser_mod> HttpStatusCode.UNAUTHORIZED
2024-02-15 21:18:05.677 ERROR (MainThread) [custom_components.hacs] <QueueManager> No manifest.json file found 'custom_components/None/manifest.json'
2024-02-15 21:18:05.677 ERROR (MainThread) [custom_components.hacs] <QueueManager> No manifest.json file found 'custom_components/None/manifest.json'
2024-02-15 21:18:05.678 ERROR (MainThread) [custom_components.hacs] <QueueManager> No manifest.json file found 'custom_components/None/manifest.json'
2024-02-15 21:18:05.678 ERROR (MainThread) [custom_components.hacs] <QueueManager> No manifest.json file found 'custom_components/None/manifest.json'
2024-02-15 21:18:05.678 ERROR (MainThread) [custom_components.hacs] <QueueManager> No manifest.json file found 'custom_components/None/manifest.json'
2024-02-15 21:18:05.678 ERROR (MainThread) [custom_components.hacs] <QueueManager> No manifest.json file found 'custom_components/None/manifest.json'
2024-02-15 21:18:05.678 ERROR (MainThread) [custom_components.hacs] <QueueManager> No manifest.json file found 'custom_components/None/manifest.json'
2024-02-15 21:18:05.678 ERROR (MainThread) [custom_components.hacs] <QueueManager> No manifest.json file found 'custom_components/None/manifest.json'
2024-02-15 21:18:05.678 ERROR (MainThread) [custom_components.hacs] <QueueManager> No manifest.json file found 'custom_components/None/manifest.json'
2024-02-15 21:18:05.678 ERROR (MainThread) [custom_components.hacs] <QueueManager> No manifest.json file found 'custom_components/None/manifest.json'
2024-02-15 21:18:05.772 ERROR (MainThread) [custom_components.hacs] <Integration thomasloven/hass-favicon> HttpStatusCode.UNAUTHORIZED
2024-02-15 21:18:05.824 ERROR (MainThread) [custom_components.hacs] <Integration DeerMaximum/QR-Code-Generator> HttpStatusCode.UNAUTHORIZED
2024-02-15 21:18:05.894 ERROR (MainThread) [custom_components.hacs] <Plugin custom-cards/button-card> HttpStatusCode.UNAUTHORIZED
2024-02-15 21:18:05.924 ERROR (MainThread) [custom_components.hacs] <Integration InTheDaylight14/nginx-proxy-manager-switches> HttpStatusCode.UNAUTHORIZED
2024-02-15 21:18:06.119 ERROR (MainThread) [custom_components.hacs] <Plugin piitaya/lovelace-mushroom> HttpStatusCode.UNAUTHORIZED
2024-02-15 21:18:06.137 ERROR (MainThread) [custom_components.hacs] <Integration JurajNyiri/HomeAssistant-Tapo-Control> HttpStatusCode.UNAUTHORIZED
2024-02-15 21:18:06.144 ERROR (MainThread) [custom_components.hacs] <Integration thomasloven/hass-fontawesome> HttpStatusCode.UNAUTHORIZED
2024-02-15 21:18:06.454 ERROR (MainThread) [custom_components.hacs] <Integration music-assistant/hass-music-assistant> HttpStatusCode.UNAUTHORIZED
2024-02-15 21:18:06.938 ERROR (MainThread) [custom_components.hacs] <QueueManager> No manifest.json file found 'custom_components/None/manifest.json'
2024-02-15 21:18:06.939 ERROR (MainThread) [custom_components.hacs] <QueueManager> No manifest.json file found 'custom_components/None/manifest.json'
2024-02-15 21:18:06.939 ERROR (MainThread) [custom_components.hacs] <QueueManager> No manifest.json file found 'custom_components/None/manifest.json'
2024-02-15 21:18:06.939 ERROR (MainThread) [custom_components.hacs] <QueueManager> No manifest.json file found 'custom_components/None/manifest.json'
2024-02-15 21:18:06.939 ERROR (MainThread) [custom_components.hacs] <QueueManager> No manifest.json file found 'custom_components/None/manifest.json'
2024-02-15 21:18:06.940 ERROR (MainThread) [custom_components.hacs] <QueueManager> No manifest.json file found 'custom_components/None/manifest.json'
2024-02-15 21:18:06.940 ERROR (MainThread) [custom_components.hacs] <QueueManager> No manifest.json file found 'custom_components/None/manifest.json'
2024-02-15 21:18:06.940 ERROR (MainThread) [custom_components.hacs] <QueueManager> No manifest.json file found 'custom_components/None/manifest.json'
2024-02-15 21:18:06.940 ERROR (MainThread) [custom_components.hacs] <QueueManager> No manifest.json file found 'custom_components/None/manifest.json'
2024-02-15 21:18:06.940 ERROR (MainThread) [custom_components.hacs] <QueueManager> No manifest.json file found 'custom_components/None/manifest.json'
2024-02-15 21:37:28.101 WARNING (MainThread) [homeassistant.data_entry_flow] custom_components.hacs.config_flow::HacsFlowHandler calls async_show_progress without passing a progress task, this is not valid and will break in Home Assistant Core 2024.8. Please report it to the custom integration author
2024-02-15 21:37:44.603 ERROR (MainThread) [homeassistant.config_entries] Error setting up entry  for sensor
Traceback (most recent call last):
  File "/usr/src/homeassistant/homeassistant/config_entries.py", line 444, in async_setup
    result = await component.async_setup_entry(hass, self)
             ^^^^^^^^^^^^^^^^^^^^^^^^^^^^^^^^^^^^^^^^^^^^^
  File "/usr/src/homeassistant/homeassistant/components/sensor/__init__.py", line 141, in async_setup_entry
    return await component.async_setup_entry(entry)
           ^^^^^^^^^^^^^^^^^^^^^^^^^^^^^^^^^^^^^^^^
  File "/usr/src/homeassistant/homeassistant/helpers/entity_component.py", line 183, in async_setup_entry
    raise ValueError("Config entry has already been setup!")
ValueError: Config entry has already been setup!
2024-02-15 21:37:48.186 ERROR (MainThread) [custom_components.hacs] <Integration pinkywafer/Anniversaries> HttpStatusCode.UNAUTHORIZED
2024-02-15 21:37:48.189 ERROR (MainThread) [custom_components.hacs] <Integration hacs/integration> HttpStatusCode.UNAUTHORIZED
2024-02-15 21:37:48.192 ERROR (MainThread) [custom_components.hacs] <Integration custom-components/ble_monitor> HttpStatusCode.UNAUTHORIZED
2024-02-15 21:37:48.199 ERROR (MainThread) [custom_components.hacs] <Integration thomasloven/hass-browser_mod> HttpStatusCode.UNAUTHORIZED
2024-02-15 21:37:48.626 ERROR (MainThread) [custom_components.hacs] <Plugin kalkih/mini-media-player> HttpStatusCode.UNAUTHORIZED
2024-02-15 21:37:48.646 ERROR (MainThread) [custom_components.hacs] <Integration thomasloven/hass-favicon> HttpStatusCode.UNAUTHORIZED
2024-02-15 21:37:48.651 ERROR (MainThread) [custom_components.hacs] <Plugin nervetattoo/banner-card> HttpStatusCode.UNAUTHORIZED
2024-02-15 21:37:48.656 ERROR (MainThread) [custom_components.hacs] <Plugin wassy92x/lovelace-digital-clock> HttpStatusCode.UNAUTHORIZED
2024-02-15 21:37:48.662 ERROR (MainThread) [custom_components.hacs] HACS is disabled - invalid_token
2024-02-15 21:37:48.678 ERROR (MainThread) [custom_components.hacs] <Integration InTheDaylight14/nginx-proxy-manager-switches> HttpStatusCode.UNAUTHORIZED
2024-02-15 21:37:48.682 ERROR (MainThread) [custom_components.hacs] <Integration DeerMaximum/QR-Code-Generator> HttpStatusCode.UNAUTHORIZED
2024-02-15 21:37:49.190 ERROR (MainThread) [custom_components.hacs] <Integration JurajNyiri/HomeAssistant-Tapo-Control> HttpStatusCode.UNAUTHORIZED
2024-02-15 21:37:49.195 ERROR (MainThread) [custom_components.hacs] <Integration thomasloven/hass-fontawesome> HttpStatusCode.UNAUTHORIZED
2024-02-15 21:37:49.214 ERROR (MainThread) [custom_components.hacs] <Plugin kalkih/mini-graph-card> HttpStatusCode.UNAUTHORIZED
2024-02-15 21:37:49.606 ERROR (MainThread) [custom_components.hacs] <Integration music-assistant/hass-music-assistant> HttpStatusCode.UNAUTHORIZED
2024-02-15 21:37:49.671 ERROR (MainThread) [custom_components.hacs] <Plugin piitaya/lovelace-mushroom> HttpStatusCode.UNAUTHORIZED
2024-02-15 21:37:49.686 ERROR (MainThread) [custom_components.hacs] <Integration pinkywafer/Anniversaries> HttpStatusCode.UNAUTHORIZED
2024-02-15 21:37:49.690 ERROR (MainThread) [custom_components.hacs] <Theme piitaya/lovelace-mushroom-themes> HttpStatusCode.UNAUTHORIZED
2024-02-15 21:37:49.694 ERROR (MainThread) [custom_components.hacs] <Integration custom-components/ble_monitor> HttpStatusCode.UNAUTHORIZED
2024-02-15 21:37:49.703 ERROR (MainThread) [custom_components.hacs] <Integration hacs/integration> HttpStatusCode.UNAUTHORIZED
2024-02-15 21:37:49.717 ERROR (MainThread) [custom_components.hacs] <Plugin custom-cards/button-card> HttpStatusCode.UNAUTHORIZED
2024-02-15 21:37:50.580 ERROR (MainThread) [custom_components.hacs] <Plugin kalkih/mini-graph-card> HttpStatusCode.UNAUTHORIZED
2024-02-15 21:37:50.595 ERROR (MainThread) [custom_components.hacs] <Plugin kalkih/mini-media-player> HttpStatusCode.UNAUTHORIZED
2024-02-15 21:37:50.617 ERROR (MainThread) [custom_components.hacs] <Plugin nervetattoo/banner-card> HttpStatusCode.UNAUTHORIZED
2024-02-15 21:37:50.726 ERROR (MainThread) [custom_components.hacs] <Plugin wassy92x/lovelace-digital-clock> HttpStatusCode.UNAUTHORIZED
2024-02-15 21:37:50.743 ERROR (MainThread) [custom_components.hacs] <QueueManager> No manifest.json file found 'custom_components/None/manifest.json'
2024-02-15 21:37:50.743 ERROR (MainThread) [custom_components.hacs] <QueueManager> No manifest.json file found 'custom_components/None/manifest.json'
2024-02-15 21:37:50.743 ERROR (MainThread) [custom_components.hacs] <QueueManager> No manifest.json file found 'custom_components/None/manifest.json'
2024-02-15 21:37:50.743 ERROR (MainThread) [custom_components.hacs] <QueueManager> No manifest.json file found 'custom_components/None/manifest.json'
2024-02-15 21:37:50.743 ERROR (MainThread) [custom_components.hacs] <QueueManager> No manifest.json file found 'custom_components/None/manifest.json'
2024-02-15 21:37:50.744 ERROR (MainThread) [custom_components.hacs] <QueueManager> No manifest.json file found 'custom_components/None/manifest.json'
2024-02-15 21:37:50.744 ERROR (MainThread) [custom_components.hacs] <QueueManager> No manifest.json file found 'custom_components/None/manifest.json'
2024-02-15 21:37:50.744 ERROR (MainThread) [custom_components.hacs] <QueueManager> No manifest.json file found 'custom_components/None/manifest.json'
2024-02-15 21:37:50.744 ERROR (MainThread) [custom_components.hacs] <QueueManager> No manifest.json file found 'custom_components/None/manifest.json'
2024-02-15 21:37:50.744 ERROR (MainThread) [custom_components.hacs] <QueueManager> No manifest.json file found 'custom_components/None/manifest.json'
2024-02-15 21:37:51.146 ERROR (MainThread) [custom_components.hacs] <Theme piitaya/lovelace-mushroom-themes> HttpStatusCode.UNAUTHORIZED
2024-02-15 21:37:51.247 ERROR (MainThread) [custom_components.hacs] <Plugin piitaya/lovelace-mushroom> HttpStatusCode.UNAUTHORIZED
2024-02-15 21:37:51.251 ERROR (MainThread) [custom_components.hacs] <Integration thomasloven/hass-favicon> HttpStatusCode.UNAUTHORIZED
2024-02-15 21:37:51.254 ERROR (MainThread) [custom_components.hacs] <Integration thomasloven/hass-browser_mod> HttpStatusCode.UNAUTHORIZED
2024-02-15 21:37:51.262 ERROR (MainThread) [custom_components.hacs] <Plugin custom-cards/button-card> HttpStatusCode.UNAUTHORIZED
2024-02-15 21:37:51.267 ERROR (MainThread) [custom_components.hacs] <Integration DeerMaximum/QR-Code-Generator> HttpStatusCode.UNAUTHORIZED
2024-02-15 21:37:51.553 ERROR (MainThread) [custom_components.hacs] <Integration InTheDaylight14/nginx-proxy-manager-switches> HttpStatusCode.UNAUTHORIZED
2024-02-15 21:37:51.606 ERROR (MainThread) [custom_components.hacs] <Integration JurajNyiri/HomeAssistant-Tapo-Control> HttpStatusCode.UNAUTHORIZED
2024-02-15 21:37:51.613 ERROR (MainThread) [custom_components.hacs] <Integration thomasloven/hass-fontawesome> HttpStatusCode.UNAUTHORIZED
2024-02-15 21:37:51.784 ERROR (MainThread) [custom_components.hacs] <Integration music-assistant/hass-music-assistant> HttpStatusCode.UNAUTHORIZED
2024-02-15 21:37:52.276 ERROR (MainThread) [custom_components.hacs] <QueueManager> No manifest.json file found 'custom_components/None/manifest.json'
2024-02-15 21:37:52.277 ERROR (MainThread) [custom_components.hacs] <QueueManager> No manifest.json file found 'custom_components/None/manifest.json'
2024-02-15 21:37:52.277 ERROR (MainThread) [custom_components.hacs] <QueueManager> No manifest.json file found 'custom_components/None/manifest.json'
2024-02-15 21:37:52.278 ERROR (MainThread) [custom_components.hacs] <QueueManager> No manifest.json file found 'custom_components/None/manifest.json'
2024-02-15 21:37:52.278 ERROR (MainThread) [custom_components.hacs] <QueueManager> No manifest.json file found 'custom_components/None/manifest.json'
2024-02-15 21:37:52.278 ERROR (MainThread) [custom_components.hacs] <QueueManager> No manifest.json file found 'custom_components/None/manifest.json'
2024-02-15 21:37:52.279 ERROR (MainThread) [custom_components.hacs] <QueueManager> No manifest.json file found 'custom_components/None/manifest.json'
2024-02-15 21:37:52.279 ERROR (MainThread) [custom_components.hacs] <QueueManager> No manifest.json file found 'custom_components/None/manifest.json'
2024-02-15 21:37:52.279 ERROR (MainThread) [custom_components.hacs] <QueueManager> No manifest.json file found 'custom_components/None/manifest.json'
2024-02-15 21:37:52.279 ERROR (MainThread) [custom_components.hacs] <QueueManager> No manifest.json file found 'custom_components/None/manifest.json'
2024-02-15 21:42:18.335 WARNING (MainThread) [homeassistant.helpers.entity] Update of camera.jnp_cam_hd_stream is taking over 10 seconds
2024-02-15 21:42:18.335 WARNING (MainThread) [homeassistant.helpers.entity] Update of camera.jnp_cam_sd_stream is taking over 10 seconds
2024-02-15 22:03:15.942 WARNING (MainThread) [homeassistant.helpers.entity] Update of camera.jnp_cam_hd_stream is taking over 10 seconds
2024-02-15 22:03:15.942 WARNING (MainThread) [homeassistant.helpers.entity] Update of camera.jnp_cam_sd_stream is taking over 10 seconds
2024-02-15 22:03:35.940 WARNING (MainThread) [homeassistant.components.camera] Updating tapo_control camera took longer than the scheduled update interval 0:00:30
2024-02-15 22:05:36.861 ERROR (MainThread) [custom_components.tapo_control] Unexpected error fetching Tapo resource status data: Invalid authentication data
Traceback (most recent call last):
  File "/usr/src/homeassistant/homeassistant/helpers/update_coordinator.py", line 313, in _async_refresh
    self.data = await self._async_update_data()
                ^^^^^^^^^^^^^^^^^^^^^^^^^^^^^^^
  File "/usr/src/homeassistant/homeassistant/helpers/update_coordinator.py", line 269, in _async_update_data
    return await self.update_method()
           ^^^^^^^^^^^^^^^^^^^^^^^^^^
  File "/config/custom_components/tapo_control/__init__.py", line 458, in async_update_data
    raise e
  File "/config/custom_components/tapo_control/__init__.py", line 449, in async_update_data
    updateDataForAllControllers[controller] = await getCamData(
                                              ^^^^^^^^^^^^^^^^^
  File "/config/custom_components/tapo_control/utils.py", line 625, in getCamData
    data = await hass.async_add_executor_job(controller.getMost)
           ^^^^^^^^^^^^^^^^^^^^^^^^^^^^^^^^^^^^^^^^^^^^^^^^^^^^^
  File "/usr/local/lib/python3.12/concurrent/futures/thread.py", line 58, in run
    result = self.fn(*self.args, **self.kwargs)
             ^^^^^^^^^^^^^^^^^^^^^^^^^^^^^^^^^^
  File "/usr/local/lib/python3.12/site-packages/pytapo/__init__.py", line 1814, in getMost
    results = self.performRequest(requestData)
              ^^^^^^^^^^^^^^^^^^^^^^^^^^^^^^^^
  File "/usr/local/lib/python3.12/site-packages/pytapo/__init__.py", line 616, in performRequest
    self.refreshStok()
  File "/usr/local/lib/python3.12/site-packages/pytapo/__init__.py", line 423, in refreshStok
    raise Exception("Invalid authentication data")
Exception: Invalid authentication data
2024-02-15 22:06:01.224 WARNING (MainThread) [homeassistant.data_entry_flow] custom_components.hacs.config_flow::HacsFlowHandler calls async_show_progress without passing a progress task, this is not valid and will break in Home Assistant Core 2024.8. Please report it to the custom integration author
2024-02-15 22:06:21.388 ERROR (MainThread) [homeassistant.config_entries] Error setting up entry  for sensor
Traceback (most recent call last):
  File "/usr/src/homeassistant/homeassistant/config_entries.py", line 444, in async_setup
    result = await component.async_setup_entry(hass, self)
             ^^^^^^^^^^^^^^^^^^^^^^^^^^^^^^^^^^^^^^^^^^^^^
  File "/usr/src/homeassistant/homeassistant/components/sensor/__init__.py", line 141, in async_setup_entry
    return await component.async_setup_entry(entry)
           ^^^^^^^^^^^^^^^^^^^^^^^^^^^^^^^^^^^^^^^^
  File "/usr/src/homeassistant/homeassistant/helpers/entity_component.py", line 183, in async_setup_entry
    raise ValueError("Config entry has already been setup!")
ValueError: Config entry has already been setup!
2024-02-15 22:06:24.703 ERROR (MainThread) [custom_components.hacs] <Integration hacs/integration> HttpStatusCode.UNAUTHORIZED
2024-02-15 22:06:24.713 ERROR (MainThread) [custom_components.hacs] <Integration custom-components/ble_monitor> HttpStatusCode.UNAUTHORIZED
2024-02-15 22:06:24.718 ERROR (MainThread) [custom_components.hacs] <Integration pinkywafer/Anniversaries> HttpStatusCode.UNAUTHORIZED
2024-02-15 22:06:24.722 ERROR (MainThread) [custom_components.hacs] <Integration thomasloven/hass-browser_mod> HttpStatusCode.UNAUTHORIZED
2024-02-15 22:06:24.724 ERROR (MainThread) [custom_components.hacs] <Integration thomasloven/hass-favicon> HttpStatusCode.UNAUTHORIZED
2024-02-15 22:06:25.105 ERROR (MainThread) [custom_components.hacs] <Plugin wassy92x/lovelace-digital-clock> HttpStatusCode.UNAUTHORIZED
2024-02-15 22:06:25.122 ERROR (MainThread) [custom_components.hacs] <Integration InTheDaylight14/nginx-proxy-manager-switches> HttpStatusCode.UNAUTHORIZED
2024-02-15 22:06:25.130 ERROR (MainThread) [custom_components.hacs] <Integration DeerMaximum/QR-Code-Generator> HttpStatusCode.UNAUTHORIZED
2024-02-15 22:06:25.136 ERROR (MainThread) [custom_components.hacs] <Plugin kalkih/mini-media-player> HttpStatusCode.UNAUTHORIZED
2024-02-15 22:06:25.146 ERROR (MainThread) [custom_components.hacs] <Plugin nervetattoo/banner-card> HttpStatusCode.UNAUTHORIZED
2024-02-15 22:06:25.182 ERROR (MainThread) [custom_components.hacs] HACS is disabled - invalid_token
2024-02-15 22:06:25.653 ERROR (MainThread) [custom_components.hacs] <Integration JurajNyiri/HomeAssistant-Tapo-Control> HttpStatusCode.UNAUTHORIZED
2024-02-15 22:06:25.667 ERROR (MainThread) [custom_components.hacs] <Integration thomasloven/hass-fontawesome> HttpStatusCode.UNAUTHORIZED
2024-02-15 22:06:25.673 ERROR (MainThread) [custom_components.hacs] <Plugin kalkih/mini-graph-card> HttpStatusCode.UNAUTHORIZED
2024-02-15 22:06:25.775 ERROR (MainThread) [custom_components.hacs] <Plugin custom-cards/button-card> HttpStatusCode.UNAUTHORIZED
2024-02-15 22:06:25.777 ERROR (MainThread) [custom_components.hacs] <Integration music-assistant/hass-music-assistant> HttpStatusCode.UNAUTHORIZED
2024-02-15 22:06:26.038 ERROR (MainThread) [custom_components.hacs] <Theme piitaya/lovelace-mushroom-themes> HttpStatusCode.UNAUTHORIZED
2024-02-15 22:06:26.073 ERROR (MainThread) [custom_components.hacs] <Plugin piitaya/lovelace-mushroom> HttpStatusCode.UNAUTHORIZED
2024-02-15 22:06:26.104 ERROR (MainThread) [custom_components.hacs] <Plugin nervetattoo/banner-card> HttpStatusCode.UNAUTHORIZED
2024-02-15 22:06:26.110 ERROR (MainThread) [custom_components.hacs] <Plugin wassy92x/lovelace-digital-clock> HttpStatusCode.UNAUTHORIZED
2024-02-15 22:06:26.118 ERROR (MainThread) [custom_components.hacs] <Plugin kalkih/mini-media-player> HttpStatusCode.UNAUTHORIZED
2024-02-15 22:06:26.573 ERROR (MainThread) [custom_components.hacs] <QueueManager> No manifest.json file found 'custom_components/None/manifest.json'
2024-02-15 22:06:26.573 ERROR (MainThread) [custom_components.hacs] <QueueManager> No manifest.json file found 'custom_components/None/manifest.json'
2024-02-15 22:06:26.574 ERROR (MainThread) [custom_components.hacs] <QueueManager> No manifest.json file found 'custom_components/None/manifest.json'
2024-02-15 22:06:26.574 ERROR (MainThread) [custom_components.hacs] <QueueManager> No manifest.json file found 'custom_components/None/manifest.json'
2024-02-15 22:06:26.574 ERROR (MainThread) [custom_components.hacs] <QueueManager> No manifest.json file found 'custom_components/None/manifest.json'
2024-02-15 22:06:26.574 ERROR (MainThread) [custom_components.hacs] <QueueManager> No manifest.json file found 'custom_components/None/manifest.json'
2024-02-15 22:06:26.574 ERROR (MainThread) [custom_components.hacs] <QueueManager> No manifest.json file found 'custom_components/None/manifest.json'
2024-02-15 22:06:26.574 ERROR (MainThread) [custom_components.hacs] <QueueManager> No manifest.json file found 'custom_components/None/manifest.json'
2024-02-15 22:06:26.574 ERROR (MainThread) [custom_components.hacs] <QueueManager> No manifest.json file found 'custom_components/None/manifest.json'
2024-02-15 22:06:26.575 ERROR (MainThread) [custom_components.hacs] <QueueManager> No manifest.json file found 'custom_components/None/manifest.json'
2024-02-15 22:06:26.589 ERROR (MainThread) [custom_components.hacs] <Plugin kalkih/mini-graph-card> HttpStatusCode.UNAUTHORIZED
2024-02-15 22:06:26.788 ERROR (MainThread) [custom_components.hacs] <Integration pinkywafer/Anniversaries> HttpStatusCode.UNAUTHORIZED
2024-02-15 22:06:26.791 ERROR (MainThread) [custom_components.hacs] <Theme piitaya/lovelace-mushroom-themes> HttpStatusCode.UNAUTHORIZED
2024-02-15 22:06:26.797 ERROR (MainThread) [custom_components.hacs] <Integration custom-components/ble_monitor> HttpStatusCode.UNAUTHORIZED
2024-02-15 22:06:26.802 ERROR (MainThread) [custom_components.hacs] <Integration hacs/integration> HttpStatusCode.UNAUTHORIZED
2024-02-15 22:06:26.972 ERROR (MainThread) [custom_components.hacs] <Integration thomasloven/hass-browser_mod> HttpStatusCode.UNAUTHORIZED
2024-02-15 22:06:27.031 ERROR (MainThread) [custom_components.hacs] <Plugin custom-cards/button-card> HttpStatusCode.UNAUTHORIZED
2024-02-15 22:06:27.051 ERROR (MainThread) [custom_components.hacs] <Integration DeerMaximum/QR-Code-Generator> HttpStatusCode.UNAUTHORIZED
2024-02-15 22:06:27.062 ERROR (MainThread) [custom_components.hacs] <Integration InTheDaylight14/nginx-proxy-manager-switches> HttpStatusCode.UNAUTHORIZED
2024-02-15 22:06:27.074 ERROR (MainThread) [custom_components.hacs] <Integration thomasloven/hass-favicon> HttpStatusCode.UNAUTHORIZED
2024-02-15 22:06:27.554 ERROR (MainThread) [custom_components.hacs] <Plugin piitaya/lovelace-mushroom> HttpStatusCode.UNAUTHORIZED
2024-02-15 22:06:27.734 ERROR (MainThread) [custom_components.hacs] <Integration JurajNyiri/HomeAssistant-Tapo-Control> HttpStatusCode.UNAUTHORIZED
2024-02-15 22:06:27.761 ERROR (MainThread) [custom_components.hacs] <Integration thomasloven/hass-fontawesome> HttpStatusCode.UNAUTHORIZED
2024-02-15 22:06:27.768 ERROR (MainThread) [custom_components.hacs] <Integration music-assistant/hass-music-assistant> HttpStatusCode.UNAUTHORIZED
2024-02-15 22:06:28.952 ERROR (MainThread) [custom_components.hacs] <QueueManager> No manifest.json file found 'custom_components/None/manifest.json'
2024-02-15 22:06:28.953 ERROR (MainThread) [custom_components.hacs] <QueueManager> No manifest.json file found 'custom_components/None/manifest.json'
2024-02-15 22:06:28.953 ERROR (MainThread) [custom_components.hacs] <QueueManager> No manifest.json file found 'custom_components/None/manifest.json'
2024-02-15 22:06:28.953 ERROR (MainThread) [custom_components.hacs] <QueueManager> No manifest.json file found 'custom_components/None/manifest.json'
2024-02-15 22:06:28.954 ERROR (MainThread) [custom_components.hacs] <QueueManager> No manifest.json file found 'custom_components/None/manifest.json'
2024-02-15 22:06:28.954 ERROR (MainThread) [custom_components.hacs] <QueueManager> No manifest.json file found 'custom_components/None/manifest.json'
2024-02-15 22:06:28.954 ERROR (MainThread) [custom_components.hacs] <QueueManager> No manifest.json file found 'custom_components/None/manifest.json'
2024-02-15 22:06:28.955 ERROR (MainThread) [custom_components.hacs] <QueueManager> No manifest.json file found 'custom_components/None/manifest.json'
2024-02-15 22:06:28.955 ERROR (MainThread) [custom_components.hacs] <QueueManager> No manifest.json file found 'custom_components/None/manifest.json'
2024-02-15 22:06:28.955 ERROR (MainThread) [custom_components.hacs] <QueueManager> No manifest.json file found 'custom_components/None/manifest.json'
